1                         J E S 2  J O B  L O G  --  S Y S T E M  V S 0 1  --  N O D E  N 1              
0 
 15.03.15 JOB00242 ---- MONDAY,    16 MAR 2026 ----
 15.03.15 JOB00242  IRR010I  USERID IBMUSER  IS ASSIGNED TO THIS JOB.
 15.03.16 JOB00242  ICH70001I IBMUSER  LAST ACCESS AT 15:00:56 ON MONDAY, MARCH 16, 2026
 15.03.16 JOB00242  $HASP373 SECTDRVR STARTED - INIT 6    - CLASS A        - SYS VS01
 15.03.16 JOB00242  IEF403I SECTDRVR - STARTED - TIME=15.03.16
 15.03.23 JOB00242  IEF450I SECTDRVR STEP1 - ABEND=S0C7 U0000 REASON=00000007  115
    115                     TIME=15.03.23
 15.03.23 JOB00242  IEF404I SECTDRVR - ENDED - TIME=15.03.23
 15.03.23 JOB00242  $HASP395 SECTDRVR ENDED - ABEND=S0C7
0------ JES2 JOB STATISTICS ------
-  16 MAR 2026 JOB EXECUTION DATE
-           10 CARDS READ
-          564 SYSOUT PRINT RECORDS
-            0 SYSOUT PUNCH RECORDS
-           47 SYSOUT SPOOL KBYTES
-         0.11 MINUTES EXECUTION TIME
         1 //SECTDRVR JOB (ACCT1,ACCT2,ACCT3),'PRT3/ZUBER',                        JOB00242
           //             CLASS=A,MSGCLASS=X,MSGLEVEL=(1,1),                               
           //             REGION=256M,NOTIFY=&SYSUID                                       
           IEFC653I SUBSTITUTION JCL - (ACCT1,ACCT2,ACCT3),'PRT3/ZUBER',CLASS=A,MSGCLASS=X,MSGLEVEL=(1,1),REGION=256M,
           NOTIFY=IBMUSER
         2 //STEP1    EXEC PGM=SECTDRVR                                                    
         3 //STEPLIB  DD  DISP=SHR,DSN=IMX.BBR.NDVR31.BATCHLIB                             
         4 //SYS010   DD  DISP=SHR,DSN=U823314.ZUBER.TEXT(SECTDRVR)                        
         5 //SYS020   DD  DISP=SHR,DSN=U823314.LTXFORM.SECTDRVR.KSDS.CLUSTER               
         6 //SYS011   DD  SYSOUT=*                                                         
         7 //SYSPRINT DD  SYSOUT=*                                                         
         8 //SYSOUT   DD  SYSOUT=*                                                         
 ICH70001I IBMUSER  LAST ACCESS AT 15:00:56 ON MONDAY, MARCH 16, 2026
 IEFA111I SECTDRVR IS USING THE FOLLOWING JOB RELATED SETTINGS:
          SWA=BELOW,TIOT SIZE=64K,DSENQSHR=DISALLOW,GDGBIAS=JOB
 IEF236I ALLOC. FOR SECTDRVR STEP1
 IEF237I DE17 ALLOCATED TO STEPLIB
 IEF237I DE17 ALLOCATED TO SYS010
 IGD103I SMS ALLOCATED TO DDNAME SYS020
 IEF237I JES2 ALLOCATED TO SYS011
 IEF237I JES2 ALLOCATED TO SYSPRINT
 IEF237I JES2 ALLOCATED TO SYSOUT
 IEF237I JES2 ALLOCATED TO CEEDUMP
 IEF285I   IBMUSER.SECTDRVR.JOB00242.D0000104.?         SYSOUT        
 IEF472I SECTDRVR STEP1 - COMPLETION CODE - SYSTEM=0C7 USER=0000 REASON=00000007
 IEF285I   IMX.BBR.NDVR31.BATCHLIB                      KEPT          
 IEF285I   VOL SER NOS= VOL002.                            
 IEF285I   U823314.ZUBER.TEXT                           KEPT          
 IEF285I   VOL SER NOS= VOL002.                            
 IGD104I U823314.LTXFORM.SECTDRVR.KSDS.CLUSTER        RETAINED,  DDNAME=SYS020  
 IEF285I   IBMUSER.SECTDRVR.JOB00242.D0000101.?         SYSOUT        
 IEF285I   IBMUSER.SECTDRVR.JOB00242.D0000102.?         SYSOUT        
 IEF285I   IBMUSER.SECTDRVR.JOB00242.D0000103.?         SYSOUT        
 IEF373I STEP/STEP1   /START 2026075.1503
 IEF032I STEP/STEP1   /STOP  2026075.1503 
         CPU:     0 HR  00 MIN  04.22 SEC    SRB:     0 HR  00 MIN  00.28 SEC    
         VIRT:   152K  SYS:   344K  EXT:     8892K  SYS:    10428K
         ATB- REAL:                  1276K  SLOTS:                     0K
              VIRT- ALLOC:      16M SHRD:       0M
 IEF375I  JOB/SECTDRVR/START 2026075.1503
 IEF033I  JOB/SECTDRVR/STOP  2026075.1503 
         CPU:     0 HR  00 MIN  04.22 SEC    SRB:     0 HR  00 MIN  00.28 SEC    
 CEE3207S The system detected a data exception (System Completion Code=0C7).                                             
          From compile unit SECTDRIV at entry point SECTDRIV at statement 158 at compile unit offset +000007C4 at        
          entry offset +000007C4 at address 26E007C4.                                                                    
1CEE3DMP V3 R1.0: Condition processing resulted in the unhandled condition.         03/16/26 3:03:18 PM                  Page:    1  
 ASID: 002D   Job ID: JOB00242   Job name: SECTDRVR   Step name: STEP1      UserID: IBMUSER                                          
                                                                                                                                     
 CEE3845I CEEDUMP Processing started.                                                                                                
                                                                                                                                     
 Information for enclave SECTDRIV                                                                                                    
                                                                                                                                     
   Information for thread 8000000000000000                                                                                           
                                                                                                                                     
   Traceback:                                                                                                                        
     DSA   Entry       E  Offset  Statement   Load Mod             Program Unit                   Service  Status                    
     1     CEEHDSP     +00004B12              CEEPLPKA             CEEHDSP                        HLE77E0  Call                      
     2     SECTDRIV    +000007C4  158         SECTDRVR             SECTDRIV                                Exception                 
                                                                                                                                     
     DSA   DSA Addr   E  Addr    PU Addr    PU Offset  Comp Date  Compile Attributes                                                 
     1     2711BBF8   0D4E40B8   0D4E40B8   +00004B12  20230307   CEL                                                                
     2     27119030   26E00000   26E00000   +000007C4  20260316   COBOLV5+ EBCDIC  HFP                                               
                                                                                                                                     
   Condition Information for Active Routines                                                                                         
     Condition Information for SECTDRIV (DSA address 27119030)                                                                       
       CIB Address: 2711C2E0                                                                                                         
       Current Condition:                                                                                                            
         CEE0198S The termination of a thread was signaled due to an unhandled condition.                                            
       Original Condition:                                                                                                           
         CEE3207S The system detected a data exception (System Completion Code=0C7).                                                 
       Location:                                                                                                                     
         Program Unit: SECTDRIV Entry: SECTDRIV Statement: 158 Offset: +000007C4                                                     
       Machine State:                                                                                                                
         ILC..... 0006    Interruption Code..... 0007                                                                                
         PSW..... 078D2000 A6E007CA                                                                                                  
         GPR0..... 00000000_00000084  GPR1..... 00000000_00000000  GPR2..... 00000000_A6E00230  GPR3..... 00000000_26E0D938          
         GPR4..... 00000000_271391E8  GPR5..... 00000000_0000D04C  GPR6..... 00000000_0000C268  GPR7..... 00000000_2711AFB0          
         GPR8..... 00000000_27139070  GPR9..... 00000000_27139938  GPR10.... 00000000_26E0ED73  GPR11.... 00000000_00000000          
         GPR12.... 00000000_26E201E8  GPR13.... 00000000_27119030  GPR14.... 00000000_8000C278  GPR15.... 00000000_00000000          
         FPC...... 40000000                                                                                                          
         FPR0..... 00000000  00000008            FPR1..... 00000000  00000000                                                        
         FPR2..... 00000000  00000000            FPR3..... 00000000  00000000                                                        
         FPR4..... 00000000  00000000            FPR5..... 00000000  00000000                                                        
         FPR6..... 00000000  00000000            FPR7..... 00000000  00000000                                                        
         FPR8..... 00000000  00000000            FPR9..... 00000000  00000000                                                        
         FPR10.... 00000000  00000000            FPR11.... 00000000  00000000                                                        
         FPR12.... 00000000  00000000            FPR13.... 00000000  00000000                                                        
         FPR14.... 00000000  00000000            FPR15.... 00000000  00000000                                                        
         VR0...... 00000000 00000008 00000000 00000000        VR1...... 00000000 00000000 00000000 00000000                          
         VR2...... 00000000 00000000 C7D4C1D9 C5C14040        VR3...... 00000000 00000000 00000000 00000000                          
         VR4...... 00000000 00000000 00000000 00000000        VR5...... 00000000 00000000 00000000 00000000                          
         VR6...... 00000000 00000000 00000000 00000000        VR7...... 00000000 00000000 00000000 00000000                          
         VR8...... 00000000 00000000 00000000 00000000        VR9...... 00000000 00000000 00000000 00000000                          
         VR10..... 00000000 00000000 00000000 00000000        VR11..... 00000000 00000000 00000000 00000000                          
         VR12..... 00000000 00000000 00000000 00000000        VR13..... 00000000 00000000 00000000 00000000                          
         VR14..... 00000000 00000000 00000000 00000000        VR15..... 00000000 00000000 00000000 00000000                          
         VR16..... 00000000 00000000 00000000 00000000        VR17..... 00000000 00000000 00000000 00000000                          
         VR18..... 00000000 00000000 00000000 00000000        VR19..... 00000000 00000000 00000000 00000000                          
         VR20..... 00000000 00000000 00000000 00000000        VR21..... 00000000 00000000 00000000 00000000                          
         VR22..... 00000000 00000000 00000000 00000000        VR23..... 00000000 00000000 00000000 00000000                          
         VR24..... 00000000 00000000 00000000 00000000        VR25..... 00000000 00000000 00000000 00000000                          
         VR26..... 00000000 00000000 00000000 00000000        VR27..... 00000000 00000000 00000000 00000000                          
         VR28..... 00000000 00000000 00000000 00000000        VR29..... 00000000 00000000 00000000 00000000                          
         VR30..... 00000000 00000000 00000000 00000000        VR31..... 00000000 00000000 00000000 00000000                          
                                                                                                                                     
1CEE3DMP V3 R1.0: Condition processing resulted in the unhandled condition.         03/16/26 3:03:18 PM                  Page:    2  
 ASID: 002D   Job ID: JOB00242   Job name: SECTDRVR   Step name: STEP1      UserID: IBMUSER                                          
                                                                                                                                     
     Storage dump near condition, beginning at location: 26E007B4                                                                    
       +000000 26E007B4  A7F407AF E370DF80 0171F212 7C469868  F9117C46 3936A7C4 0069E370 DF800171  |x4..T.....2.@.q.9.@...xD..T.....|
     GPREG STORAGE:                                                                                                                  
       Storage around GPR0 (00000084)                                                                                                
         -0020 00000064    Inaccessible storage.                                                                                     
         +0000 00000084    Inaccessible storage.                                                                                     
         +0020 000000A4    Inaccessible storage.                                                                                     
       Storage around GPR1 (00000000)                                                                                                
         +0000 00000000    Inaccessible storage.                                                                                     
         +0020 00000020    Inaccessible storage.                                                                                     
         +0040 00000040    Inaccessible storage.                                                                                     
       Storage around GPR2 (26E00230)                                                                                                
         -0020 26E00210  82419280 8243E544 81EC0442 E54481EE  000058F0 81B44140 817858C0 D0800D2F  |b.k.b.V.a...V.a....0a.. a.......|
         +0000 26E00230  95008241 A7640008 58708274 50708004  A7F4000F 9510822B A7840006 A7F4001D  |n.b.x.....b.&...x4..n.b.xd..x4..|
         +0020 26E00250  A7F40007 D20090A8 36BCA7F4 0016E370  D9580258 E370D578 0150C070 00000008  |x4..K..y..x4..T.R...T.N..&......|
       Storage around GPR3 (26E0D938)                                                                                                
         -0020 26E0D918  C000FFFF F9F15000 87F0EB1F D0980096  58D0D004 58E0D00C 980CD014 07FE0707  |....91&.g0...q.o........q.......|
         +0000 26E0D938  00CCDDFF 00000000 E2C5C3E3 C4D9C9E5  00000000 00000010 001C0C00 00000000  |........SECTDRIV................|
         +0020 26E0D958  26E0FBF8 26E0FBE0 26E0FBC8 26E0CFC0  26E0D0E8 26E0FBB0 26E0FB98 26E0FB80  |...8.......H.......Y.......q....|
       Storage around GPR4 (271391E8)                                                                                                
         -0020 271391C8  40404040 00000000 00000000 00000000  00000000 00000000 00000000 00000000  |    ............................|
         +0000 271391E8  C6C3C200 01030000 FFFFFFFF FFFFFFFF  FFFFFFFF FFFFFFFF FFFFFFFF FFFFFFFF  |FCB.............................|
         +0020 27139208  FFFFFFFF 00000000 00009420 00000084  00006D50 00000000 00000000 0000C268  |..........m....d.._&..........B.|
       Storage around GPR5 (0000D04C)                                                                                                
         -0020 0000D02C  0005020A 00000098 00000000 A6FAA102  00000000 00000000 0000D0B4 8000D04C  |.......q....w..................<|
         +0000 0000D04C  27116118 00010000 0167000C 04F47026  002FE5A2 0500F000 00004000 00007388  |../..........4....Vs..0... ....h|
         +0020 0000D06C  C600C718 9400B020 002C4800 008B3D74  12E1AE48 20CA49F8 0A00B0A0 02096D50  |F.G.m..................8......_&|
       Storage around GPR6 (0000C268)                                                                                                
         -0020 0000C248  FFFC5010 40D891FF 40C9A774 00065810  40485010 404407F2 C9C7E9C2 D8D9C5F3  |..&. Qj. Ix..... .&. ..2IGZBQRE3|
         +0000 0000C268  186F5850 40781815 1FFFBFF7 10310DEF  501040FC 48105052 501040D8 07F2C9C7  |.?.& ......7....&. ...&.&. Q.2IG|
         +0020 0000C288  E9C2D8D9 C5F40000 58504078 18151FFF  BFF71031 0DEF5010 40FC07F2 C9C7E9C2  |ZBQRE4...& ......7....&. ..2IGZB|
       Storage around GPR7 (2711AFB0)                                                                                                
         -0020 2711AF90  00000000 00000000 00000000 00000000  00000000 00000000 00000000 00000000  |................................|
         +0000 2711AFB0 - +00003F 2711AFEF             same as above                                                                 
       Storage around GPR8 (27139070)                                                                                                
         -0020 27139050  A6EC5552 00000000 00000000 27139908  00000000 00000000 00000000 00000000  |w.............r.................|
         +0000 27139070  00000000 27148D50 27164290 27139090  27139080 27139084 27139088 00000000  |.......&...............d...h....|
         +0020 27139090  00000000 00000000 00000000 00000000  00000000 00000000 00000000 00000000  |................................|
       Storage around GPR9 (27139938)                                                                                                
         -0020 27139918  D4C2D3D2 00050102 000008B8 00000000  A6EBF518 00000000 00000000 2713A1C8  |MBLK............w.5............H|
         +0000 27139938  00000000 00000000 00000000 00000000  00000000 00000000 C9C7E9E2 D9E3C3C4  |........................IGZSRTCD|
         +0020 27139958  00000000 00000000 00000000 00000000  00000000 00000000 E2E8E2D6 E4E34040  |........................SYSOUT  |
       Storage around GPR10(26E0ED73)                                                                                                
         -0020 26E0ED53  FF000000 06400000 20000000 002C0000  3C00004C 00005C00 006C0000 7C00008C  |..... .............<..*..%..@...|
         +0000 26E0ED73  00009C00 010CC1C4 C4E2C5E3 C1C2E2D4  D6C4D9C5 D4E2E4D4 C5E7C3F0 F0800009  |......ADDSETABSMODREMSUMEXC00...|
         +0020 26E0ED93  4C400C00 120011C9 C6F0F4D6 D200131D  00000000 00404040 40404040 40404040  |< .....IF04OK........           |
       Storage around GPR11(00000000)                                                                                                
         +0000 00000000    Inaccessible storage.                                                                                     
         +0020 00000020    Inaccessible storage.                                                                                     
         +0040 00000040    Inaccessible storage.                                                                                     
       Storage around GPR12(26E201E8)                                                                                                
         -0020 26E201C8  00000000 00000000 C3C5C5C3 C1C14040  00000000 00000000 000058C0 D0640CCC  |........CEECAA  ................|
         +0000 26E201E8  00000800 00000000 27119018 27139018  00000000 00000000 00000000 00000000  |................................|
         +0020 26E20208  00000000 00000000 27173EE0 00000000  00000000 00000000 00000000 00000000  |................................|
       Storage around GPR13(27119030)                                                                                                
         -0020 27119010  00000000 00000000 E2E3D2E4 26E20A5C  26E20A5C 00020000 00000000 00000000  |........STKU.S.*.S.*............|
         +0000 27119030  00110301 26E20C90 271194B0 A6E00432  A6FE02F8 8000C278 00E1AE48 00000084  |.....S....m.w...w..8..B........d|
1CEE3DMP V3 R1.0: Condition processing resulted in the unhandled condition.         03/16/26 3:03:18 PM                  Page:    3  
 ASID: 002D   Job ID: JOB00242   Job name: SECTDRVR   Step name: STEP1      UserID: IBMUSER                                          
                                                                                                                                     
         +0020 27119050  0000D04C A6E00230 26E0D938 271391E8  0000D04C 0000C268 26E001EC 27139070  |...<w.....R...jY...<..B.........|
       Storage around GPR14(0000C278)                                                                                                
         -0020 0000C258  40485010 404407F2 C9C7E9C2 D8D9C5F3  186F5850 40781815 1FFFBFF7 10310DEF  | .&. ..2IGZBQRE3.?.& ......7....|
         +0000 0000C278  501040FC 48105052 501040D8 07F2C9C7  E9C2D8D9 C5F40000 58504078 18151FFF  |&. ...&.&. Q.2IGZBQRE4...& .....|
         +0020 0000C298  BFF71031 0DEF5010 40FC07F2 C9C7E9C2  D8D9C5F9 00000000 58104054 50104044  |.7....&. ..2IGZBQRE9...... .&. .|
       Storage around GPR15(00000000)                                                                                                
         +0000 00000000    Inaccessible storage.                                                                                     
         +0020 00000020    Inaccessible storage.                                                                                     
         +0040 00000040    Inaccessible storage.                                                                                     
                                                                                                                                     
   Parameters, Registers, and Variables for Active Routines:                                                                         
     CEEHDSP (DSA address 2711BBF8):                                                                                                 
       UPSTACK DSA                                                                                                                   
       Saved Registers:                                                                                                              
         GPR0..... 2711BF80  GPR1..... 2711BC78  GPR2..... 2711BE70  GPR3..... 2711BD20                                              
         GPR4..... 0D4E98D8  GPR5..... 8D42A000  GPR6..... 26E1B4C0  GPR7..... 2711C2E0                                              
         GPR8..... 8D4E86B0  GPR9..... 2711DBF6  GPR10.... 2711CBF7  GPR11.... 0D4E40B8                                              
         GPR12.... 26E201E8  GPR13.... 2711BBF8  GPR14.... 8D4E8BCC  GPR15.... 8D514D78                                              
     GPREG STORAGE:                                                                                                                  
       Storage around GPR0 (2711BF80)                                                                                                
         -0020 2711BF60  00000000 A6F9A550 0D60AD88 2711C018  2711BFF0 2711BF28 26F9A6A6 00000005  |....w9v&.-.h.......0.....9ww....|
         +0000 2711BF80  C3969584 89A38996 95409799 968385A2  A2899587 409985A2 A493A385 84408995  |Condition processing resulted in|
         +0020 2711BFA0  40A38885 40A49588 81958493 85844083  96958489 A3899695 4B404040 40404040  | the unhandled condition.       |
       Storage around GPR1 (2711BC78)                                                                                                
         -0020 2711BC58  00000000 00000000 00000000 00000000  00000000 2711BB40 00000000 00000000  |....................... ........|
         +0000 2711BC78  2711BF80 2711C0E0 2711BE70 2711BE70  2711BD14 2711CD08 2711D908 271392FC  |..........................R...k.|
         +0020 2711BC98  000300C6 59C3C5C5 00000000 00000000  00000000 00000001 00000000 00080000  |...F.CEE........................|
       Storage around GPR2 (2711BE70)                                                                                                
         -0020 2711BE50  59C3C5C5 00000000 000000E0 000000B8  00000040 2711BD50 2711BF18 8D60ADFC  |.CEE............... ...&.....-..|
         +0000 2711BE70  00000000 00000000 00000000 00000080  26F9A6A6 00000005 8D42A000 00000080  |.................9ww............|
         +0020 2711BE90  00000000 00000000 00000000 2711BE10  00000000 00000000 00000000 00000000  |................................|
       Storage around GPR3 (2711BD20)                                                                                                
         -0020 2711BD00  26E20C90 0000004C 00000030 26E1B4C0  26E0F2D8 00000003 00000014 00000000  |.S.....<..........2Q............|
         +0000 2711BD20  00000000 00000000 00000000 00000003  00000000 00000001 27116180 00008020  |........................../.....|
         +0020 2711BD40  00000000 26E0F498 00000000 00000000  10110301 2711BBF8 2711BE18 8000C346  |......4q...............8......C.|
       Storage around GPR4 (0D4E98D8)                                                                                                
         -0020 0D4E98B8  5820D0E4 17335030 20E85870 D1145030  701C98E1 DED09835 DEE0988C DEEC07FE  |...U..&..Y..J.&...q...q...q.....|
         +0000 0D4E98D8  00003938 00003938 D7008000 8000D200  D0A08002 D200D0A0 3002D200 D0A81002  |........P.....K.....K.....K..y..|
         +0020 0D4E98F8  D200D0A8 E002D200 D2403002 D200D0A8  F002D200 D0A8F002 D200D0A0 5002D500  |K..y..K.K ..K..y0.K..y0.K...&.N.|
       Storage around GPR5 (0D42A000)                                                                                                
         -0020 0D429FE0  00000000 00000000 00000000 00000000  00000000 00000000 00000000 00000000  |................................|
         +0000 0D42A000  8D4A6690 8D4D53E0 8D4E2470 8D4EA0B8  8D4E40B8 8D4EC0D8 8D4ED478 8D4F6D70  |.....(...+...+...+ ..+.Q.+M..|_.|
         +0020 0D42A020  8D514D78 8D51A880 8D513BA0 8D5180F8  8D5241A0 8D500EC8 8D4EE250 8D5384D8  |..(...y........8.....&.H.+S&..dQ|
       Storage around GPR6 (26E1B4C0)                                                                                                
         -0020 26E1B4A0  00000000 00000000 00000000 00000000  00000000 00000000 26E201D0 00000000  |.........................S......|
         +0000 26E1B4C0  C3C9C2C8 00000000 2711E630 00020F00  2711C2E0 C13F0000 00000000 00000008  |CIBH......W.......B.A...........|
         +0020 26E1B4E0  00000000 00000000 2711C2F8 2711C3C0  2711C3CC 26E1BF0C 00000000 00000000  |..........B8..C...C.............|
       Storage around GPR7 (2711C2E0)                                                                                                
         -0020 2711C2C0  00000000 00000000 00000000 00000000  00000000 00000000 00000000 00000000  |................................|
         +0000 2711C2E0  C3C9C240 00000000 00000000 010C0004  00000000 00000000 000300C6 59C3C5C5  |CIB .......................F.CEE|
         +0020 2711C300  00000000 2711CD08 00030C87 59C3C5C5  00000000 00000004 27119030 A6E21000  |...........g.CEE............wS..|
       Storage around GPR8 (0D4E86B0)                                                                                                
         -0020 0D4E8690  305CA718 0FFBA728 00055830 C2B858F0  30000DEF 98ECDF8C 07FE90EC DFC80D80  |.*x...x.....B..0....q........H..|
         +0000 0D4E86B0  5870D114 D5077074 439CA784 000DD703  D0A8D0A8 D207D0A0 7074D50B D0A044E4  |..J.N.....xd..P..y.yK.....N....U|
         +0020 0D4E86D0  A7740005 D20B7074 70685820 D0E4A758  00675050 20DC5050 705058F0 448C0DEF  |x...K........Ux...&&..&&.&.0....|
       Storage around GPR9 (2711DBF6)                                                                                                
         -0020 2711DBD6  00000000 00000000 00000000 00000000  00000000 00000000 00000000 00000000  |................................|
1CEE3DMP V3 R1.0: Condition processing resulted in the unhandled condition.         03/16/26 3:03:18 PM                  Page:    4  
 ASID: 002D   Job ID: JOB00242   Job name: SECTDRVR   Step name: STEP1      UserID: IBMUSER                                          
                                                                                                                                     
         +0000 2711DBF6 - +00003F 2711DC35             same as above                                                                 
       Storage around GPR10(2711CBF7)                                                                                                
         -0020 2711CBD7  C80D4E98 D826E1F5 1026E1ED 7026E1B4  C026E1B5 542711DB F62711CB F70D4E40  |H.+qQ..5................6...7.+ |
         +0000 2711CBF7  B826E201 E8000000 00000000 00000000  008D4E86 F00D4E7F B82711D1 080D4E9F  |..S.Y.............+f0.+"...J..+.|
         +0020 2711CC17  0C2711C2 E026E19F C80D4E98 D8000000  6726E1ED 7026E1B4 C08D4E86 B02711DB  |...B....H.+qQ.............+f....|
       Storage around GPR11(0D4E40B8)                                                                                                
         -0020 0D4E4098  F2F0F2F3 F0F3F0F7 F2F0F1F3 F0F0F0F3  F0F1F0F0 0007C8D3 C5F7F7C5 F0000000  |20230307201300030100..HLE77E0...|
         +0000 0D4E40B8  47F0F014 00C3C5C5 00003938 00005D10  47F0F001 90ECD00C 18BFC040 00002C03  |.00..CEE......)..00........ ....|
         +0020 0D4E40D8  41F00000 58004004 5810D04C 1E015500  C00C47D0 B03E58F0 C2BC05EF 181F5000  |.0.... ....<...........0B.....&.|
       Storage around GPR12(26E201E8)                                                                                                
         -0020 26E201C8  00000000 00000000 C3C5C5C3 C1C14040  00000000 00000000 000058C0 D0640CCC  |........CEECAA  ................|
         +0000 26E201E8  00000800 00000000 27119018 27139018  00000000 00000000 00000000 00000000  |................................|
         +0020 26E20208  00000000 00000000 27173EE0 00000000  00000000 00000000 00000000 00000000  |................................|
       Storage around GPR13(2711BBF8)                                                                                                
         -0020 2711BBD8  00000000 00000000 00000000 00000000  00000000 00000000 00000000 00000000  |................................|
         +0000 2711BBF8  0808CEE1 27119030 2711F530 8D4E8BCC  8D514D78 2711BF80 2711BC78 2711BE70  |..........5..+....(.............|
         +0020 2711BC18  2711BD20 0D4E98D8 8D42A000 26E1B4C0  2711C2E0 8D4E86B0 2711DBF6 2711CBF7  |.....+qQ..........B..+f....6...7|
       Storage around GPR14(0D4E8BCC)                                                                                                
         -0020 0D4E8BAC  D0804110 D4E85010 D0844120 D2785020  D0885850 C2B858F0 50204110 D0800DEF  |....MY&..d..K.&..h.&B..0&.......|
         +0000 0D4E8BCC  5850C2F4 94DF5096 5860C2F0 94EF63E4  9108C2AF A7E4000A 912063E4 A7E40006  |.&B4m.&o.-B0m..Uj.B.xU..j..UxU..|
         +0020 0D4E8BEC  94F7C2AF 947F63E4 58604498 5060D18C  5850C508 5060503C 5870D114 17555050  |m7B.m".U.-.q&-J..&E.&-&...J...&&|
       Storage around GPR15(0D514D78)                                                                                                
         -0020 0D514D58  F0F0F0F3 F0F1F0F0 0007C8D3 C5F7F7C5  F0000000 F0F3F0F1 F0F00000 00000000  |00030100..HLE77E0...030100......|
         +0000 0D514D78  47F0F014 00C3C5C5 00000888 00003238  47F0F001 90ECD00C C0B00000 18040D80  |.00..CEE...h.....00.............|
         +0020 0D514D98  EB000020 000C18A0 EB110020 000C1821  EBFF0020 000C183F 41F00000 5800B00C  |.........................0......|
     SECTDRIV (DSA address 27119030):                                                                                                
       UPSTACK DSA                                                                                                                   
       Saved Registers:                                                                                                              
         GPR0..... 00000084  GPR1..... 00000000  GPR2..... A6E00230  GPR3..... 26E0D938                                              
         GPR4..... 271391E8  GPR5..... 0000D04C  GPR6..... 0000C268  GPR7..... 2711AFB0                                              
         GPR8..... 27139070  GPR9..... 27139938  GPR10.... 26E0ED73  GPR11.... 00000000                                              
         GPR12.... 26E201E8  GPR13.... 27119030  GPR14.... 8000C278  GPR15.... 00000000                                              
     GPREG STORAGE:                                                                                                                  
       Storage around GPR0 (00000084)                                                                                                
         -0020 00000064    Inaccessible storage.                                                                                     
         +0000 00000084    Inaccessible storage.                                                                                     
         +0020 000000A4    Inaccessible storage.                                                                                     
       Storage around GPR1 (00000000)                                                                                                
         +0000 00000000    Inaccessible storage.                                                                                     
         +0020 00000020    Inaccessible storage.                                                                                     
         +0040 00000040    Inaccessible storage.                                                                                     
       Storage around GPR2 (26E00230)                                                                                                
         -0020 26E00210  82419280 8243E544 81EC0442 E54481EE  000058F0 81B44140 817858C0 D0800D2F  |b.k.b.V.a...V.a....0a.. a.......|
         +0000 26E00230  95008241 A7640008 58708274 50708004  A7F4000F 9510822B A7840006 A7F4001D  |n.b.x.....b.&...x4..n.b.xd..x4..|
         +0020 26E00250  A7F40007 D20090A8 36BCA7F4 0016E370  D9580258 E370D578 0150C070 00000008  |x4..K..y..x4..T.R...T.N..&......|
       Storage around GPR3 (26E0D938)                                                                                                
         -0020 26E0D918  C000FFFF F9F15000 87F0EB1F D0980096  58D0D004 58E0D00C 980CD014 07FE0707  |....91&.g0...q.o........q.......|
         +0000 26E0D938  00CCDDFF 00000000 E2C5C3E3 C4D9C9E5  00000000 00000010 001C0C00 00000000  |........SECTDRIV................|
         +0020 26E0D958  26E0FBF8 26E0FBE0 26E0FBC8 26E0CFC0  26E0D0E8 26E0FBB0 26E0FB98 26E0FB80  |...8.......H.......Y.......q....|
       Storage around GPR4 (271391E8)                                                                                                
         -0020 271391C8  40404040 00000000 00000000 00000000  00000000 00000000 00000000 00000000  |    ............................|
         +0000 271391E8  C6C3C200 01030000 FFFFFFFF FFFFFFFF  FFFFFFFF FFFFFFFF FFFFFFFF FFFFFFFF  |FCB.............................|
         +0020 27139208  FFFFFFFF 00000000 00009420 00000084  00006D50 00000000 00000000 0000C268  |..........m....d.._&..........B.|
       Storage around GPR5 (0000D04C)                                                                                                
         -0020 0000D02C  0005020A 00000098 00000000 A6FAA102  00000000 00000000 0000D0B4 8000D04C  |.......q....w..................<|
         +0000 0000D04C  27116118 00010000 0167000C 04F47026  002FE5A2 0500F000 00004000 00007388  |../..........4....Vs..0... ....h|
         +0020 0000D06C  C600C718 9400B020 002C4800 008B3D74  12E1AE48 20CA49F8 0A00B0A0 02096D50  |F.G.m..................8......_&|
1CEE3DMP V3 R1.0: Condition processing resulted in the unhandled condition.         03/16/26 3:03:18 PM                  Page:    5  
 ASID: 002D   Job ID: JOB00242   Job name: SECTDRVR   Step name: STEP1      UserID: IBMUSER                                          
                                                                                                                                     
       Storage around GPR6 (0000C268)                                                                                                
         -0020 0000C248  FFFC5010 40D891FF 40C9A774 00065810  40485010 404407F2 C9C7E9C2 D8D9C5F3  |..&. Qj. Ix..... .&. ..2IGZBQRE3|
         +0000 0000C268  186F5850 40781815 1FFFBFF7 10310DEF  501040FC 48105052 501040D8 07F2C9C7  |.?.& ......7....&. ...&.&. Q.2IG|
         +0020 0000C288  E9C2D8D9 C5F40000 58504078 18151FFF  BFF71031 0DEF5010 40FC07F2 C9C7E9C2  |ZBQRE4...& ......7....&. ..2IGZB|
       Storage around GPR7 (2711AFB0)                                                                                                
         -0020 2711AF90  00000000 00000000 00000000 00000000  00000000 00000000 00000000 00000000  |................................|
         +0000 2711AFB0 - +00003F 2711AFEF             same as above                                                                 
       Storage around GPR8 (27139070)                                                                                                
         -0020 27139050  A6EC5552 00000000 00000000 27139908  00000000 00000000 00000000 00000000  |w.............r.................|
         +0000 27139070  00000000 27148D50 27164290 27139090  27139080 27139084 27139088 00000000  |.......&...............d...h....|
         +0020 27139090  00000000 00000000 00000000 00000000  00000000 00000000 00000000 00000000  |................................|
       Storage around GPR9 (27139938)                                                                                                
         -0020 27139918  D4C2D3D2 00050102 000008B8 00000000  A6EBF518 00000000 00000000 2713A1C8  |MBLK............w.5............H|
         +0000 27139938  00000000 00000000 00000000 00000000  00000000 00000000 C9C7E9E2 D9E3C3C4  |........................IGZSRTCD|
         +0020 27139958  00000000 00000000 00000000 00000000  00000000 00000000 E2E8E2D6 E4E34040  |........................SYSOUT  |
       Storage around GPR10(26E0ED73)                                                                                                
         -0020 26E0ED53  FF000000 06400000 20000000 002C0000  3C00004C 00005C00 006C0000 7C00008C  |..... .............<..*..%..@...|
         +0000 26E0ED73  00009C00 010CC1C4 C4E2C5E3 C1C2E2D4  D6C4D9C5 D4E2E4D4 C5E7C3F0 F0800009  |......ADDSETABSMODREMSUMEXC00...|
         +0020 26E0ED93  4C400C00 120011C9 C6F0F4D6 D200131D  00000000 00404040 40404040 40404040  |< .....IF04OK........           |
       Storage around GPR11(00000000)                                                                                                
         +0000 00000000    Inaccessible storage.                                                                                     
         +0020 00000020    Inaccessible storage.                                                                                     
         +0040 00000040    Inaccessible storage.                                                                                     
       Storage around GPR12(26E201E8)                                                                                                
         -0020 26E201C8  00000000 00000000 C3C5C5C3 C1C14040  00000000 00000000 000058C0 D0640CCC  |........CEECAA  ................|
         +0000 26E201E8  00000800 00000000 27119018 27139018  00000000 00000000 00000000 00000000  |................................|
         +0020 26E20208  00000000 00000000 27173EE0 00000000  00000000 00000000 00000000 00000000  |................................|
       Storage around GPR13(27119030)                                                                                                
         -0020 27119010  00000000 00000000 E2E3D2E4 26E20A5C  26E20A5C 00020000 00000000 00000000  |........STKU.S.*.S.*............|
         +0000 27119030  00110301 26E20C90 271194B0 A6E00432  A6FE02F8 8000C278 00E1AE48 00000084  |.....S....m.w...w..8..B........d|
         +0020 27119050  0000D04C A6E00230 26E0D938 271391E8  0000D04C 0000C268 26E001EC 27139070  |...<w.....R...jY...<..B.........|
       Storage around GPR14(0000C278)                                                                                                
         -0020 0000C258  40485010 404407F2 C9C7E9C2 D8D9C5F3  186F5850 40781815 1FFFBFF7 10310DEF  | .&. ..2IGZBQRE3.?.& ......7....|
         +0000 0000C278  501040FC 48105052 501040D8 07F2C9C7  E9C2D8D9 C5F40000 58504078 18151FFF  |&. ...&.&. Q.2IGZBQRE4...& .....|
         +0020 0000C298  BFF71031 0DEF5010 40FC07F2 C9C7E9C2  D8D9C5F9 00000000 58104054 50104044  |.7....&. ..2IGZBQRE9...... .&. .|
       Storage around GPR15(00000000)                                                                                                
         +0000 00000000    Inaccessible storage.                                                                                     
         +0020 00000020    Inaccessible storage.                                                                                     
         +0040 00000040    Inaccessible storage.                                                                                     
       Local Variables:                                                                                                              
         Variables for SECTDRIV:                                                                                                     
               20 SYS010                            FILE SPECIFIED AS: ORGANIZATION=QSAM SEQUENTIAL, ACCESS                          
                                                    MODE=SEQUENTIAL, RECFM=FIXED. CURRENT STATUS OF FILE IS:                         
                                                    OPEN STATUS=INPUT, FILE STATUS CODE=00.                                          
               24 01 SYS010-REC       X(132) DISP      'FNABS    ABS                            1                                    
                                                                                                                                     
                                                                    '                                                                
               25 SYS011                            FILE SPECIFIED AS: ORGANIZATION=QSAM SEQUENTIAL, ACCESS                          
                                                    MODE=SEQUENTIAL, RECFM=FIXED. CURRENT STATUS OF FILE IS:                         
                                                    OPEN STATUS=OUTPUT, FILE STATUS CODE=00.                                         
               29 01 SYS011-REC       X(132) DISP      '"""""""""""""""""""""""""""""""""""""""""""""""""""""""""""                  
                                                       """"""""""""""""""""""""""""""""""""""""""""""""""""""""""""                  
                                                       """""""""""""'                                                                
               30 SYS020                            FILE SPECIFIED AS: ORGANIZATION=VSAM INDEXED, ACCESS                             
                                                    MODE=DYNAMIC, RECFM=FIXED. CURRENT STATUS OF FILE IS: OPEN                       
                                                    STATUS=I-O, LAST REQUEST=OPEN, FILE STATUS CODE=00, VSAM                         
                                                    FEEDBACK=000, VSAM RET CODE=000, VSAM FUNCTION CODE=000.                         
1CEE3DMP V3 R1.0: Condition processing resulted in the unhandled condition.         03/16/26 3:03:18 PM                  Page:    6  
 ASID: 002D   Job ID: JOB00242   Job name: SECTDRVR   Step name: STEP1      UserID: IBMUSER                                          
                                                                                                                                     
               34 01 SYS020-REC       AN-GR                                                                                          
               35  05 KS-KEY           X(8) DISP        '""""""""'                                                                   
               36  05 KS-DATA          X(124) DISP      '"""""""""""""""""""""""""""""""""""""""""""""""""""""""""""                 
                                                        """"""""""""""""""""""""""""""""""""""""""""""""""""""""""""                 
                                                        """""'                                                                       
               39 01 FS-SYS020        XX DISP          '00'                                                                          
               40 01 WS-EOF-SYS010    X DISP           'N'                                                                           
               41 01 WS-CURRENT       AN-GR                                                                                          
               42  05 WS-SECID         X(8) DISP        'FNABS   '                                                                   
               43  05 WS-OP-NAME       X(30) DISP       'ABS                           '                                             
               44  05 WS-ARG-TEXT      X(94) DISP       '1                                                                           
                                                                                           '                                         
               45 01 WS-NUM-INTEGER   AN-GR                                                                                          
               46  05 WS-NUM-INT1      S9(15) DISP      X'000000000000000000000000000000'                                            
               47  05 WS-NUM-INT2      S9(15) DISP      X'000000000000000000000000000000'                                            
               48  05 WS-NUM-INT3      S9(15) DISP      X'000000000000000000000000000000'                                            
               49 01 WS-USAGE-NATIONAL                                                                                               
                                      AN-GR                                                                                          
               50  05 WS-UTF-STR1      U(64)            '"""""""""""""""""""""""""""""""""""""""""""""""""""""""""""                 
                                                        """""'                                                                       
               51  05 WS-UTF-STR2      U(64)            '"""""""""""""""""""""""""""""""""""""""""""""""""""""""""""                 
                                                        """""'                                                                       
               52 01 WS-ARG-PARSE     AN-GR                                                                                          
               53  05 WS-ARG-COUNT     S9(4) DISP       +0000                                                                        
               54  05 WS-ARG1-STR      X(64) DISP       '                                                                            
                                                             '                                                                       
               55  05 WS-ARG2-STR      X(64) DISP       '                                                                            
                                                             '                                                                       
               56  05 WS-ARG3-STR      X(64) DISP       '                                                                            
                                                             '                                                                       
               57  05 WS-ARG4-STR      X(64) DISP       '                                                                            
                                                             '                                                                       
               58  05 WS-ARG5-STR      X(64) DISP       '                                                                            
                                                             '                                                                       
               59  05 WS-ARG6-STR      X(64) DISP       '                                                                            
                                                             '                                                                       
               60  05 WS-ARG7-STR      X(64) DISP       '                                                                            
                                                             '                                                                       
               61  05 WS-ARG8-STR      X(64) DISP       '                                                                            
                                                             '                                                                       
               62  05 WS-ARG9-STR      X(64) DISP       '                                                                            
                                                             '                                                                       
               63  05 WS-ARG10-STR     X(64) DISP       '                                                                            
                                                             '                                                                       
               64  05 WS-ARG1-NUM      S9(15)V9(3) DISP +000000000000000.000                                                         
               65  05 WS-ARG2-NUM      S9(15)V9(3) DISP +000000000000000.000                                                         
               66  05 WS-ARG3-NUM      S9(15)V9(3) DISP +000000000000000.000                                                         
               67  05 WS-ARG4-NUM      S9(15)V9(3) DISP +000000000000000.000                                                         
               68  05 WS-ARG5-NUM      S9(15)V9(3) DISP +000000000000000.000                                                         
               69  05 WS-ARG6-NUM      S9(15)V9(3) DISP +000000000000000.000                                                         
               70  05 WS-ARG7-NUM      S9(15)V9(3) DISP +000000000000000.000                                                         
               71  05 WS-ARG8-NUM      S9(15)V9(3) DISP +000000000000000.000                                                         
               72  05 WS-ARG9-NUM      S9(15)V9(3) DISP +000000000000000.000                                                         
               73  05 WS-ARG10-NUM     S9(15)V9(3) DISP +000000000000000.000                                                         
               75 01 WS-RESULTS       AN-GR                                                                                          
               76  05 WS-RES-STR       X(120) DISP      '                                                                            
                                                                                                                                     
1CEE3DMP V3 R1.0: Condition processing resulted in the unhandled condition.         03/16/26 3:03:18 PM                  Page:    7  
 ASID: 002D   Job ID: JOB00242   Job name: SECTDRVR   Step name: STEP1      UserID: IBMUSER                                          
                                                                                                                                     
                                                         '                                                                           
               77  05 WS-RES-NUM       -9(15)V9(3) DISP '                   '                                                        
               78  05 WS-RES-INT       S9(18) DISP      X'404040404040404040404040404040404040'                                      
               79 01 WS-TEMP          AN-GR                                                                                          
               80  05 WS-TOKEN         X(64) DISP       '"""""""""""""""""""""""""""""""""""""""""""""""""""""""""""                 
                                                        """""'                                                                       
               81  05 WS-REST          X(94) DISP       '1                                                                           
                                                                                           '                                         
               82 01 WS-LOG-REC       AN-GR                                                                                          
               83  05 LOG-SECID        X(8) DISP        '""""""""'                                                                   
               84  05 FILLER           X DISP           ' '                                                                          
               85  05 LOG-TEXT         X(123) DISP      '"""""""""""""""""""""""""""""""""""""""""""""""""""""""""""                 
                                                        """"""""""""""""""""""""""""""""""""""""""""""""""""""""""""                 
                                                        """"'                                                                        
               86 01 WS-CHAR-COUNT    S9(3) DISP       X'000000'                                                                     
               88 01 WS-INDEX-VALUE   9(8) COMP        00000000                                                                      
               90 WS-INX1          IX               1                                                                                
               89 01 WS-TABLE         AN-GR                                                                                          
               90  05 WS-ITEM          AN-GR  OCCURS 3                                                                               
               91   10 WS-ITEM-PAYLOAD  X(8) DISP                                                                                    
                    SUB(1)                            '""""""""'                                                                     
                      SUB(2) to SUB(3) elements same as above.                                                                       
                                                                                                                                     
         DSA for SECTDRIV: 27119030                                                                                                  
         WSA for SECTDRIV: 27139060                                                                                                  
         RENT STATIC (Initial HEAP) for SECTDRIV: 27139070                                                                           
         PROGRAM STATIC (WSA24, Data cell, ABOVE/BELOW THE BAR HEAP) for SECTDRIV: 27139938                                          
                                                                                                                                     
   File Status and Attributes:                                                                                                       
     __amrc_type structure: 27121F20                                                                                                 
       +000000 27121F20  00000000 00000000 00000000 00000000  00000000 00000000 00000000 00000000  |................................|
       +000020 27121F40 - +0000FF 2712201F             same as above                                                                 
     amrc __code union fields                                                                                                        
     __error................. 0(0)                                                                                                   
     __abend.__syscode....... 0(0)                                                                                                   
     __abend.__rc............ 0(0)                                                                                                   
     __feedback.rc........... 0(0)                                                                                                   
     __feedback.__ftncd...... 0(0)                                                                                                   
     __feedback.__fdbk....... 0(0)                                                                                                   
     __alloc.__svc99_info.... 0(0)                                                                                                   
     __alloc.__svc99_error... 0(0)                                                                                                   
                                                                                                                                     
     __RBA............... 0(0)                                                                                                       
     __last_op........... 0(0)                                                                                                       
     __msg.__str......... NULL                                                                                                       
     __msg.__parmr0...... 0(0)                                                                                                       
     __msg.__parmr1...... 0(0)                                                                                                       
     __msg.__str2........ NULL                                                                                                       
     __rplfdbwd.............. 0x00000000                                                                                             
     __amrc_noseek_to_seek... 0(0)                                                                                                   
     __XRBA.................. 0(0000000000000000)                                                                                    
                                                                                                                                     
     __amrc2_type structure: 27121E20                                                                                                
       +000000 27121E20  00000000 00000000 00000000 00000000  00000000 00000000 00000000 00000000  |................................|
     __error2............ 0(0)                                                                                                       
     __fileptr........... NULL                                                                                                       
                                                                                                                                     
1CEE3DMP V3 R1.0: Condition processing resulted in the unhandled condition.         03/16/26 3:03:18 PM                  Page:    8  
 ASID: 002D   Job ID: JOB00242   Job name: SECTDRVR   Step name: STEP1      UserID: IBMUSER                                          
                                                                                                                                     
   Run-Time Options Report:                                                                                                          
                                                                                                                                     
    LAST WHERE SET                 OPTION                                                                                            
    -------------------------------------------------------------------------------                                                  
    IBM-supplied default             ABPERC(NONE)                                                                                    
    IBM-supplied default             ABTERMENC(ABEND)                                                                                
    IBM-supplied default           NOAIXBLD                                                                                          
    IBM-supplied default             ALL31(ON)                                                                                       
    IBM-supplied default             ANYHEAP(16384,8192,ANYWHERE,FREE)                                                               
    IBM-supplied default           NOAUTOTASK                                                                                        
    IBM-supplied default             BELOWHEAP(8192,4096,FREE)                                                                       
    IBM-supplied default             CBLOPTS(ON)                                                                                     
    IBM-supplied default             CBLPSHPOP(ON)                                                                                   
    IBM-supplied default             CBLQDA(OFF)                                                                                     
    IBM-supplied default             CEEDUMP(60,SYSOUT=*,FREE=END,SPIN=UNALLOC)                                                      
    IBM-supplied default             CHECK(ON)                                                                                       
    IBM-supplied default             COUNTRY(US)                                                                                     
    IBM-supplied default           NODEBUG                                                                                           
    IBM-supplied default             DEPTHCONDLMT(10)                                                                                
    IBM-supplied default             DYNDUMP(*USERID,NODYNAMIC,TDUMP)                                                                
    IBM-supplied default             ENVAR("")                                                                                       
    IBM-supplied default             ERRCOUNT(0)                                                                                     
    IBM-supplied default             ERRUNIT(6)                                                                                      
    IBM-supplied default             FILEHIST                                                                                        
    IBM-supplied default             FILETAG(NOAUTOCVT,NOAUTOTAG)                                                                    
    Default setting                NOFLOW                                                                                            
    IBM-supplied default             HEAP(32768,32768,ANYWHERE,KEEP,8192,4096)                                                       
    IBM-supplied default             HEAPCHK(OFF,1,0,0,0,1024,0,1024,0)                                                              
    IBM-supplied default             HEAPPOOLS(OFF,8,10,32,10,128,10,256,10,1024,10,2048,10,0,10,0,10,0,10,0,10,0,10,0,10)           
    IBM-supplied default             HEAPZONES(0,ABEND,0,ABEND)                                                                      
    IBM-supplied default             INFOMSGFILTER(OFF,,,,)                                                                          
    IBM-supplied default             INQPCOPN                                                                                        
    IBM-supplied default             INTERRUPT(OFF)                                                                                  
    IBM-supplied default             LIBSTACK(4096,4096,FREE)                                                                        
    IBM-supplied default             MSGFILE(SYSOUT,FBA,121,0,NOENQ)                                                                 
    IBM-supplied default             MSGQ(15)                                                                                        
    IBM-supplied default             NATLANG(ENU)                                                                                    
    Ignored                        NONONIPTSTACK(See THREADSTACK)                                                                    
    IBM-supplied default             OCSTATUS                                                                                        
    IBM-supplied default             PAGEFRAMESIZE(4K,4K,4K)                                                                         
    IBM-supplied default           NOPC                                                                                              
    IBM-supplied default             PLITASKCOUNT(20)                                                                                
    IBM-supplied default             POSIX(OFF)                                                                                      
    IBM-supplied default             PROFILE(OFF,"")                                                                                 
    IBM-supplied default             PRTUNIT(6)                                                                                      
    IBM-supplied default             PUNUNIT(7)                                                                                      
    IBM-supplied default             RDRUNIT(5)                                                                                      
    IBM-supplied default             RECPAD(OFF)                                                                                     
    IBM-supplied default             RPTOPTS(OFF)                                                                                    
    IBM-supplied default             RPTSTG(OFF)                                                                                     
    IBM-supplied default           NORTEREUS                                                                                         
    IBM-supplied default           NOSIMVRD                                                                                          
    IBM-supplied default             STACK(131072,131072,ANYWHERE,KEEP,524288,131072)                                                
    IBM-supplied default             STORAGE(NONE,NONE,NONE,0)                                                                       
    IBM-supplied default             TERMTHDACT(TRACE,,96)                                                                           
    IBM-supplied default           NOTEST(ALL,"*","PROMPT","INSPPREF")                                                               
    IBM-supplied default             THREADHEAP(4096,4096,ANYWHERE,KEEP)                                                             
1CEE3DMP V3 R1.0: Condition processing resulted in the unhandled condition.         03/16/26 3:03:18 PM                  Page:    9  
 ASID: 002D   Job ID: JOB00242   Job name: SECTDRVR   Step name: STEP1      UserID: IBMUSER                                          
                                                                                                                                     
    IBM-supplied default             THREADSTACK(OFF,4096,4096,ANYWHERE,KEEP,131072,131072)                                          
    IBM-supplied default             TRACE(OFF,4096,DUMP,LE=0)                                                                       
    IBM-supplied default             TRAP(ON,SPIE)                                                                                   
    IBM-supplied default             UPSI(00000000)                                                                                  
    IBM-supplied default           NOUSRHDLR(,)                                                                                      
    IBM-supplied default             VCTRSAVE(OFF)                                                                                   
    IBM-supplied default             XPLINK(OFF)                                                                                     
    IBM-supplied default             XUFLOW(AUTO)                                                                                    
                                                                                                                                     
 Additional Language Specific Information:                                                                                           
                                                                                                                                     
   errno information :                                                                                                               
   Thread Id .... 8000000000000000 Errno ...... 0 Errnojr .... 00000000                                                              
 CEE3846I CEEDUMP Processing completed.                                                                                              
